
*** Running vivado
    with args -log main.vds -m64 -product Vivado -mode batch -messageDb vivado.pb -notrace -source main.tcl


****** Vivado v2016.4 (64-bit)
  **** SW Build 1756540 on Mon Jan 23 19:11:23 MST 2017
  **** IP Build 1755317 on Mon Jan 23 20:30:07 MST 2017
    ** Copyright 1986-2016 Xilinx, Inc. All Rights Reserved.

source main.tcl -notrace
Command: synth_design -top main -part xa7a100tcsg324-1I
Starting synth_design
Attempting to get a license for feature 'Synthesis' and/or device 'xa7a100t'
INFO: [Common 17-349] Got license for feature 'Synthesis' and/or device 'xa7a100t'
INFO: Launching helper process for spawning children vivado processes
INFO: Helper process launched with PID 7128 
---------------------------------------------------------------------------------
Starting RTL Elaboration : Time (s): cpu = 00:00:04 ; elapsed = 00:00:06 . Memory (MB): peak = 277.465 ; gain = 67.371
---------------------------------------------------------------------------------
INFO: [Synth 8-638] synthesizing module 'main' [D:/FloreaTudor/mipsfinalPC/mipsfinalPC.srcs/sources_1/new/main.vhd:17]
INFO: [Synth 8-3491] module 'mpg' declared at 'D:/FloreaTudor/mipsfinalPC/mipsfinalPC.srcs/sources_1/new/mpg.vhd:6' bound to instance 'mpg1' of component 'mpg' [D:/FloreaTudor/mipsfinalPC/mipsfinalPC.srcs/sources_1/new/main.vhd:140]
INFO: [Synth 8-638] synthesizing module 'mpg' [D:/FloreaTudor/mipsfinalPC/mipsfinalPC.srcs/sources_1/new/mpg.vhd:14]
INFO: [Synth 8-256] done synthesizing module 'mpg' (1#1) [D:/FloreaTudor/mipsfinalPC/mipsfinalPC.srcs/sources_1/new/mpg.vhd:14]
INFO: [Synth 8-3491] module 'mpg' declared at 'D:/FloreaTudor/mipsfinalPC/mipsfinalPC.srcs/sources_1/new/mpg.vhd:6' bound to instance 'mpg2' of component 'mpg' [D:/FloreaTudor/mipsfinalPC/mipsfinalPC.srcs/sources_1/new/main.vhd:141]
INFO: [Synth 8-3491] module 'mpg' declared at 'D:/FloreaTudor/mipsfinalPC/mipsfinalPC.srcs/sources_1/new/mpg.vhd:6' bound to instance 'mpg3' of component 'mpg' [D:/FloreaTudor/mipsfinalPC/mipsfinalPC.srcs/sources_1/new/main.vhd:142]
INFO: [Synth 8-3491] module 'mpg' declared at 'D:/FloreaTudor/mipsfinalPC/mipsfinalPC.srcs/sources_1/new/mpg.vhd:6' bound to instance 'mpg4' of component 'mpg' [D:/FloreaTudor/mipsfinalPC/mipsfinalPC.srcs/sources_1/new/main.vhd:143]
INFO: [Synth 8-3491] module 'InstructionFetch' declared at 'D:/FloreaTudor/mipsfinalPC/mipsfinalPC.srcs/sources_1/new/InstructionFetch.vhd:7' bound to instance 'instructionFetch1' of component 'InstructionFetch' [D:/FloreaTudor/mipsfinalPC/mipsfinalPC.srcs/sources_1/new/main.vhd:146]
INFO: [Synth 8-638] synthesizing module 'InstructionFetch' [D:/FloreaTudor/mipsfinalPC/mipsfinalPC.srcs/sources_1/new/InstructionFetch.vhd:21]
WARNING: [Synth 8-614] signal 'resetPC' is read in the process but is not in the sensitivity list [D:/FloreaTudor/mipsfinalPC/mipsfinalPC.srcs/sources_1/new/InstructionFetch.vhd:58]
INFO: [Synth 8-256] done synthesizing module 'InstructionFetch' (2#1) [D:/FloreaTudor/mipsfinalPC/mipsfinalPC.srcs/sources_1/new/InstructionFetch.vhd:21]
INFO: [Synth 8-3491] module 'main_control' declared at 'D:/FloreaTudor/mipsfinalPC/mipsfinalPC.srcs/sources_1/new/main_control.vhd:5' bound to instance 'main_comp' of component 'main_control' [D:/FloreaTudor/mipsfinalPC/mipsfinalPC.srcs/sources_1/new/main.vhd:159]
INFO: [Synth 8-638] synthesizing module 'main_control' [D:/FloreaTudor/mipsfinalPC/mipsfinalPC.srcs/sources_1/new/main_control.vhd:19]
INFO: [Synth 8-226] default block is never used [D:/FloreaTudor/mipsfinalPC/mipsfinalPC.srcs/sources_1/new/main_control.vhd:34]
INFO: [Synth 8-256] done synthesizing module 'main_control' (3#1) [D:/FloreaTudor/mipsfinalPC/mipsfinalPC.srcs/sources_1/new/main_control.vhd:19]
INFO: [Synth 8-3491] module 'InstructionDecode' declared at 'D:/FloreaTudor/mipsfinalPC/mipsfinalPC.srcs/sources_1/new/InstructionDecode.vhd:6' bound to instance 'instructionDecode1' of component 'InstructionDecode' [D:/FloreaTudor/mipsfinalPC/mipsfinalPC.srcs/sources_1/new/main.vhd:173]
INFO: [Synth 8-638] synthesizing module 'InstructionDecode' [D:/FloreaTudor/mipsfinalPC/mipsfinalPC.srcs/sources_1/new/InstructionDecode.vhd:23]
INFO: [Synth 8-3491] module 'reg_file' declared at 'D:/FloreaTudor/mipsfinalPC/mipsfinalPC.srcs/sources_1/new/reg_file.vhd:6' bound to instance 'reg_file1' of component 'reg_file' [D:/FloreaTudor/mipsfinalPC/mipsfinalPC.srcs/sources_1/new/InstructionDecode.vhd:54]
INFO: [Synth 8-638] synthesizing module 'reg_file' [D:/FloreaTudor/mipsfinalPC/mipsfinalPC.srcs/sources_1/new/reg_file.vhd:21]
INFO: [Synth 8-256] done synthesizing module 'reg_file' (4#1) [D:/FloreaTudor/mipsfinalPC/mipsfinalPC.srcs/sources_1/new/reg_file.vhd:21]
INFO: [Synth 8-256] done synthesizing module 'InstructionDecode' (5#1) [D:/FloreaTudor/mipsfinalPC/mipsfinalPC.srcs/sources_1/new/InstructionDecode.vhd:23]
INFO: [Synth 8-3491] module 'executionUnit' declared at 'D:/FloreaTudor/mipsfinalPC/mipsfinalPC.srcs/sources_1/new/executionUnit.vhd:6' bound to instance 'execution_unit' of component 'executionUnit' [D:/FloreaTudor/mipsfinalPC/mipsfinalPC.srcs/sources_1/new/main.vhd:199]
INFO: [Synth 8-638] synthesizing module 'executionUnit' [D:/FloreaTudor/mipsfinalPC/mipsfinalPC.srcs/sources_1/new/executionUnit.vhd:22]
INFO: [Synth 8-226] default block is never used [D:/FloreaTudor/mipsfinalPC/mipsfinalPC.srcs/sources_1/new/executionUnit.vhd:42]
INFO: [Synth 8-226] default block is never used [D:/FloreaTudor/mipsfinalPC/mipsfinalPC.srcs/sources_1/new/executionUnit.vhd:64]
INFO: [Synth 8-256] done synthesizing module 'executionUnit' (6#1) [D:/FloreaTudor/mipsfinalPC/mipsfinalPC.srcs/sources_1/new/executionUnit.vhd:22]
INFO: [Synth 8-3491] module 'dataPath' declared at 'D:/FloreaTudor/mipsfinalPC/mipsfinalPC.srcs/sources_1/new/dataPath.vhd:6' bound to instance 'memory_comp' of component 'dataPath' [D:/FloreaTudor/mipsfinalPC/mipsfinalPC.srcs/sources_1/new/main.vhd:214]
INFO: [Synth 8-638] synthesizing module 'dataPath' [D:/FloreaTudor/mipsfinalPC/mipsfinalPC.srcs/sources_1/new/dataPath.vhd:17]
INFO: [Synth 8-256] done synthesizing module 'dataPath' (7#1) [D:/FloreaTudor/mipsfinalPC/mipsfinalPC.srcs/sources_1/new/dataPath.vhd:17]
INFO: [Synth 8-226] default block is never used [D:/FloreaTudor/mipsfinalPC/mipsfinalPC.srcs/sources_1/new/main.vhd:228]
WARNING: [Synth 8-614] signal 'instructionSig' is read in the process but is not in the sensitivity list [D:/FloreaTudor/mipsfinalPC/mipsfinalPC.srcs/sources_1/new/main.vhd:226]
WARNING: [Synth 8-614] signal 'PCPlusOneAux' is read in the process but is not in the sensitivity list [D:/FloreaTudor/mipsfinalPC/mipsfinalPC.srcs/sources_1/new/main.vhd:226]
WARNING: [Synth 8-614] signal 'rd1' is read in the process but is not in the sensitivity list [D:/FloreaTudor/mipsfinalPC/mipsfinalPC.srcs/sources_1/new/main.vhd:226]
WARNING: [Synth 8-614] signal 'rd2' is read in the process but is not in the sensitivity list [D:/FloreaTudor/mipsfinalPC/mipsfinalPC.srcs/sources_1/new/main.vhd:226]
WARNING: [Synth 8-614] signal 'extImm' is read in the process but is not in the sensitivity list [D:/FloreaTudor/mipsfinalPC/mipsfinalPC.srcs/sources_1/new/main.vhd:226]
WARNING: [Synth 8-614] signal 'alu_res_internal' is read in the process but is not in the sensitivity list [D:/FloreaTudor/mipsfinalPC/mipsfinalPC.srcs/sources_1/new/main.vhd:226]
WARNING: [Synth 8-614] signal 'mem_data' is read in the process but is not in the sensitivity list [D:/FloreaTudor/mipsfinalPC/mipsfinalPC.srcs/sources_1/new/main.vhd:226]
WARNING: [Synth 8-614] signal 'write_data' is read in the process but is not in the sensitivity list [D:/FloreaTudor/mipsfinalPC/mipsfinalPC.srcs/sources_1/new/main.vhd:226]
WARNING: [Synth 8-614] signal 'reg_dst' is read in the process but is not in the sensitivity list [D:/FloreaTudor/mipsfinalPC/mipsfinalPC.srcs/sources_1/new/main.vhd:249]
WARNING: [Synth 8-614] signal 'ext_op' is read in the process but is not in the sensitivity list [D:/FloreaTudor/mipsfinalPC/mipsfinalPC.srcs/sources_1/new/main.vhd:249]
WARNING: [Synth 8-614] signal 'reg_write' is read in the process but is not in the sensitivity list [D:/FloreaTudor/mipsfinalPC/mipsfinalPC.srcs/sources_1/new/main.vhd:249]
WARNING: [Synth 8-614] signal 'alu_src' is read in the process but is not in the sensitivity list [D:/FloreaTudor/mipsfinalPC/mipsfinalPC.srcs/sources_1/new/main.vhd:249]
WARNING: [Synth 8-614] signal 'branch' is read in the process but is not in the sensitivity list [D:/FloreaTudor/mipsfinalPC/mipsfinalPC.srcs/sources_1/new/main.vhd:249]
WARNING: [Synth 8-614] signal 'jump' is read in the process but is not in the sensitivity list [D:/FloreaTudor/mipsfinalPC/mipsfinalPC.srcs/sources_1/new/main.vhd:249]
WARNING: [Synth 8-614] signal 'mem_write' is read in the process but is not in the sensitivity list [D:/FloreaTudor/mipsfinalPC/mipsfinalPC.srcs/sources_1/new/main.vhd:249]
WARNING: [Synth 8-614] signal 'memto_reg' is read in the process but is not in the sensitivity list [D:/FloreaTudor/mipsfinalPC/mipsfinalPC.srcs/sources_1/new/main.vhd:249]
WARNING: [Synth 8-614] signal 'alu_op' is read in the process but is not in the sensitivity list [D:/FloreaTudor/mipsfinalPC/mipsfinalPC.srcs/sources_1/new/main.vhd:249]
INFO: [Synth 8-3491] module 'ssdEn' declared at 'D:/FloreaTudor/mipsfinalPC/mipsfinalPC.srcs/sources_1/new/ssdEn.vhd:6' bound to instance 'ssd_for_rom' of component 'ssdEn' [D:/FloreaTudor/mipsfinalPC/mipsfinalPC.srcs/sources_1/new/main.vhd:273]
INFO: [Synth 8-638] synthesizing module 'ssdEn' [D:/FloreaTudor/mipsfinalPC/mipsfinalPC.srcs/sources_1/new/ssdEn.vhd:19]
INFO: [Synth 8-226] default block is never used [D:/FloreaTudor/mipsfinalPC/mipsfinalPC.srcs/sources_1/new/ssdEn.vhd:48]
WARNING: [Synth 8-614] signal 'cnt' is read in the process but is not in the sensitivity list [D:/FloreaTudor/mipsfinalPC/mipsfinalPC.srcs/sources_1/new/ssdEn.vhd:39]
WARNING: [Synth 8-614] signal 'digit0' is read in the process but is not in the sensitivity list [D:/FloreaTudor/mipsfinalPC/mipsfinalPC.srcs/sources_1/new/ssdEn.vhd:39]
WARNING: [Synth 8-614] signal 'digit1' is read in the process but is not in the sensitivity list [D:/FloreaTudor/mipsfinalPC/mipsfinalPC.srcs/sources_1/new/ssdEn.vhd:39]
WARNING: [Synth 8-614] signal 'digit2' is read in the process but is not in the sensitivity list [D:/FloreaTudor/mipsfinalPC/mipsfinalPC.srcs/sources_1/new/ssdEn.vhd:39]
WARNING: [Synth 8-614] signal 'digit3' is read in the process but is not in the sensitivity list [D:/FloreaTudor/mipsfinalPC/mipsfinalPC.srcs/sources_1/new/ssdEn.vhd:39]
INFO: [Synth 8-256] done synthesizing module 'ssdEn' (8#1) [D:/FloreaTudor/mipsfinalPC/mipsfinalPC.srcs/sources_1/new/ssdEn.vhd:19]
WARNING: [Synth 8-3848] Net jumpAddressAux in module/entity main does not have driver. [D:/FloreaTudor/mipsfinalPC/mipsfinalPC.srcs/sources_1/new/main.vhd:117]
INFO: [Synth 8-256] done synthesizing module 'main' (9#1) [D:/FloreaTudor/mipsfinalPC/mipsfinalPC.srcs/sources_1/new/main.vhd:17]
WARNING: [Synth 8-3331] design dataPath has unconnected port alu_res[15]
WARNING: [Synth 8-3331] design dataPath has unconnected port alu_res[14]
WARNING: [Synth 8-3331] design dataPath has unconnected port alu_res[13]
WARNING: [Synth 8-3331] design dataPath has unconnected port alu_res[12]
WARNING: [Synth 8-3331] design dataPath has unconnected port alu_res[11]
WARNING: [Synth 8-3331] design dataPath has unconnected port alu_res[10]
WARNING: [Synth 8-3331] design dataPath has unconnected port alu_res[9]
WARNING: [Synth 8-3331] design dataPath has unconnected port alu_res[8]
WARNING: [Synth 8-3331] design dataPath has unconnected port mem_write
WARNING: [Synth 8-3331] design InstructionDecode has unconnected port instr[15]
WARNING: [Synth 8-3331] design InstructionDecode has unconnected port instr[14]
WARNING: [Synth 8-3331] design InstructionDecode has unconnected port instr[13]
WARNING: [Synth 8-3331] design main_control has unconnected port instr[12]
WARNING: [Synth 8-3331] design main_control has unconnected port instr[11]
WARNING: [Synth 8-3331] design main_control has unconnected port instr[10]
WARNING: [Synth 8-3331] design main_control has unconnected port instr[9]
WARNING: [Synth 8-3331] design main_control has unconnected port instr[8]
WARNING: [Synth 8-3331] design main_control has unconnected port instr[7]
WARNING: [Synth 8-3331] design main_control has unconnected port instr[6]
WARNING: [Synth 8-3331] design main_control has unconnected port instr[5]
WARNING: [Synth 8-3331] design main_control has unconnected port instr[4]
WARNING: [Synth 8-3331] design main_control has unconnected port instr[3]
WARNING: [Synth 8-3331] design main_control has unconnected port instr[2]
WARNING: [Synth 8-3331] design main_control has unconnected port instr[1]
WARNING: [Synth 8-3331] design main_control has unconnected port instr[0]
WARNING: [Synth 8-3331] design main has unconnected port btn[4]
WARNING: [Synth 8-3331] design main has unconnected port sw[15]
WARNING: [Synth 8-3331] design main has unconnected port sw[14]
WARNING: [Synth 8-3331] design main has unconnected port sw[13]
WARNING: [Synth 8-3331] design main has unconnected port sw[12]
WARNING: [Synth 8-3331] design main has unconnected port sw[11]
WARNING: [Synth 8-3331] design main has unconnected port sw[10]
WARNING: [Synth 8-3331] design main has unconnected port sw[9]
WARNING: [Synth 8-3331] design main has unconnected port sw[8]
WARNING: [Synth 8-3331] design main has unconnected port sw[4]
WARNING: [Synth 8-3331] design main has unconnected port sw[3]
WARNING: [Synth 8-3331] design main has unconnected port sw[2]
WARNING: [Synth 8-3331] design main has unconnected port sw[1]
---------------------------------------------------------------------------------
Finished RTL Elaboration : Time (s): cpu = 00:00:05 ; elapsed = 00:00:06 . Memory (MB): peak = 315.801 ; gain = 105.707
---------------------------------------------------------------------------------

Report Check Netlist: 
+------+------------------+-------+---------+-------+------------------+
|      |Item              |Errors |Warnings |Status |Description       |
+------+------------------+-------+---------+-------+------------------+
|1     |multi_driven_nets |      0|        0|Passed |Multi driven nets |
+------+------------------+-------+---------+-------+------------------+
WARNING: [Synth 8-3295] tying undriven pin instructionFetch1:jumpAddress[15] to constant 0 [D:/FloreaTudor/mipsfinalPC/mipsfinalPC.srcs/sources_1/new/main.vhd:146]
WARNING: [Synth 8-3295] tying undriven pin instructionFetch1:jumpAddress[14] to constant 0 [D:/FloreaTudor/mipsfinalPC/mipsfinalPC.srcs/sources_1/new/main.vhd:146]
WARNING: [Synth 8-3295] tying undriven pin instructionFetch1:jumpAddress[13] to constant 0 [D:/FloreaTudor/mipsfinalPC/mipsfinalPC.srcs/sources_1/new/main.vhd:146]
WARNING: [Synth 8-3295] tying undriven pin instructionFetch1:jumpAddress[12] to constant 0 [D:/FloreaTudor/mipsfinalPC/mipsfinalPC.srcs/sources_1/new/main.vhd:146]
WARNING: [Synth 8-3295] tying undriven pin instructionFetch1:jumpAddress[11] to constant 0 [D:/FloreaTudor/mipsfinalPC/mipsfinalPC.srcs/sources_1/new/main.vhd:146]
WARNING: [Synth 8-3295] tying undriven pin instructionFetch1:jumpAddress[10] to constant 0 [D:/FloreaTudor/mipsfinalPC/mipsfinalPC.srcs/sources_1/new/main.vhd:146]
WARNING: [Synth 8-3295] tying undriven pin instructionFetch1:jumpAddress[9] to constant 0 [D:/FloreaTudor/mipsfinalPC/mipsfinalPC.srcs/sources_1/new/main.vhd:146]
WARNING: [Synth 8-3295] tying undriven pin instructionFetch1:jumpAddress[8] to constant 0 [D:/FloreaTudor/mipsfinalPC/mipsfinalPC.srcs/sources_1/new/main.vhd:146]
WARNING: [Synth 8-3295] tying undriven pin instructionFetch1:jumpAddress[7] to constant 0 [D:/FloreaTudor/mipsfinalPC/mipsfinalPC.srcs/sources_1/new/main.vhd:146]
WARNING: [Synth 8-3295] tying undriven pin instructionFetch1:jumpAddress[6] to constant 0 [D:/FloreaTudor/mipsfinalPC/mipsfinalPC.srcs/sources_1/new/main.vhd:146]
WARNING: [Synth 8-3295] tying undriven pin instructionFetch1:jumpAddress[5] to constant 0 [D:/FloreaTudor/mipsfinalPC/mipsfinalPC.srcs/sources_1/new/main.vhd:146]
WARNING: [Synth 8-3295] tying undriven pin instructionFetch1:jumpAddress[4] to constant 0 [D:/FloreaTudor/mipsfinalPC/mipsfinalPC.srcs/sources_1/new/main.vhd:146]
WARNING: [Synth 8-3295] tying undriven pin instructionFetch1:jumpAddress[3] to constant 0 [D:/FloreaTudor/mipsfinalPC/mipsfinalPC.srcs/sources_1/new/main.vhd:146]
WARNING: [Synth 8-3295] tying undriven pin instructionFetch1:jumpAddress[2] to constant 0 [D:/FloreaTudor/mipsfinalPC/mipsfinalPC.srcs/sources_1/new/main.vhd:146]
WARNING: [Synth 8-3295] tying undriven pin instructionFetch1:jumpAddress[1] to constant 0 [D:/FloreaTudor/mipsfinalPC/mipsfinalPC.srcs/sources_1/new/main.vhd:146]
WARNING: [Synth 8-3295] tying undriven pin instructionFetch1:jumpAddress[0] to constant 0 [D:/FloreaTudor/mipsfinalPC/mipsfinalPC.srcs/sources_1/new/main.vhd:146]
---------------------------------------------------------------------------------
Finished RTL Optimization Phase 1 : Time (s): cpu = 00:00:05 ; elapsed = 00:00:07 . Memory (MB): peak = 315.801 ; gain = 105.707
---------------------------------------------------------------------------------
INFO: [Device 21-403] Loading part xa7a100tcsg324-1I
INFO: [Project 1-570] Preparing netlist for logic optimization

Processing XDC Constraints
Initializing timing engine
Parsing XDC File [D:/FloreaTudor/mipsfinalPC/utcn-ca-nexys-a7-100t.xdc]
WARNING: [Vivado 12-584] No ports matched 'an[4]'. [D:/FloreaTudor/mipsfinalPC/utcn-ca-nexys-a7-100t.xdc:68]
CRITICAL WARNING: [Common 17-55] 'set_property' expects at least one object. [D:/FloreaTudor/mipsfinalPC/utcn-ca-nexys-a7-100t.xdc:68]
Resolution: If [get_<value>] was used to populate the object, check to make sure this command returns at least one valid object.
WARNING: [Vivado 12-584] No ports matched 'an[5]'. [D:/FloreaTudor/mipsfinalPC/utcn-ca-nexys-a7-100t.xdc:69]
CRITICAL WARNING: [Common 17-55] 'set_property' expects at least one object. [D:/FloreaTudor/mipsfinalPC/utcn-ca-nexys-a7-100t.xdc:69]
Resolution: If [get_<value>] was used to populate the object, check to make sure this command returns at least one valid object.
WARNING: [Vivado 12-584] No ports matched 'an[6]'. [D:/FloreaTudor/mipsfinalPC/utcn-ca-nexys-a7-100t.xdc:70]
CRITICAL WARNING: [Common 17-55] 'set_property' expects at least one object. [D:/FloreaTudor/mipsfinalPC/utcn-ca-nexys-a7-100t.xdc:70]
Resolution: If [get_<value>] was used to populate the object, check to make sure this command returns at least one valid object.
WARNING: [Vivado 12-584] No ports matched 'an[7]'. [D:/FloreaTudor/mipsfinalPC/utcn-ca-nexys-a7-100t.xdc:71]
CRITICAL WARNING: [Common 17-55] 'set_property' expects at least one object. [D:/FloreaTudor/mipsfinalPC/utcn-ca-nexys-a7-100t.xdc:71]
Resolution: If [get_<value>] was used to populate the object, check to make sure this command returns at least one valid object.
Finished Parsing XDC File [D:/FloreaTudor/mipsfinalPC/utcn-ca-nexys-a7-100t.xdc]
INFO: [Project 1-236] Implementation specific constraints were found while reading constraint file [D:/FloreaTudor/mipsfinalPC/utcn-ca-nexys-a7-100t.xdc]. These constraints will be ignored for synthesis but will be used in implementation. Impacted constraints are listed in the file [.Xil/main_propImpl.xdc].
Resolution: To avoid this warning, move constraints listed in [.Xil/main_propImpl.xdc] to another XDC file and exclude this new file from synthesis with the used_in_synthesis property (File Properties dialog in GUI) and re-run elaboration/synthesis.
Completed Processing XDC Constraints

INFO: [Project 1-111] Unisim Transformation Summary:
No Unisim elements were transformed.

Constraint Validation Runtime : Time (s): cpu = 00:00:00 ; elapsed = 00:00:00 . Memory (MB): peak = 624.805 ; gain = 0.000
---------------------------------------------------------------------------------
Finished Constraint Validation : Time (s): cpu = 00:00:12 ; elapsed = 00:00:15 . Memory (MB): peak = 624.805 ; gain = 414.711
---------------------------------------------------------------------------------
---------------------------------------------------------------------------------
Start Loading Part and Timing Information
---------------------------------------------------------------------------------
Loading part: xa7a100tcsg324-1I
---------------------------------------------------------------------------------
Finished Loading Part and Timing Information : Time (s): cpu = 00:00:12 ; elapsed = 00:00:15 . Memory (MB): peak = 624.805 ; gain = 414.711
---------------------------------------------------------------------------------
---------------------------------------------------------------------------------
Start Applying 'set_property' XDC Constraints
---------------------------------------------------------------------------------
---------------------------------------------------------------------------------
Finished applying 'set_property' XDC Constraints : Time (s): cpu = 00:00:12 ; elapsed = 00:00:15 . Memory (MB): peak = 624.805 ; gain = 414.711
---------------------------------------------------------------------------------
INFO: [Synth 8-5546] ROM "mem" won't be mapped to RAM because it is too sparse
INFO: [Synth 8-5818] HDL ADVISOR - The operator resource <adder> is shared. To prevent sharing consider applying a KEEP on the output of the operator [D:/FloreaTudor/mipsfinalPC/mipsfinalPC.srcs/sources_1/new/executionUnit.vhd:64]
---------------------------------------------------------------------------------
Finished RTL Optimization Phase 2 : Time (s): cpu = 00:00:13 ; elapsed = 00:00:15 . Memory (MB): peak = 624.805 ; gain = 414.711
---------------------------------------------------------------------------------

Report RTL Partitions: 
+-+--------------+------------+----------+
| |RTL Partition |Replication |Instances |
+-+--------------+------------+----------+
+-+--------------+------------+----------+
---------------------------------------------------------------------------------
Start RTL Component Statistics 
---------------------------------------------------------------------------------
Detailed RTL Component Info : 
+---Adders : 
	   2 Input     16 Bit       Adders := 2     
	   3 Input     16 Bit       Adders := 1     
+---XORs : 
	   2 Input     16 Bit         XORs := 2     
+---Registers : 
	               16 Bit    Registers := 1     
	                1 Bit    Registers := 12    
+---RAMs : 
	              128 Bit         RAMs := 1     
+---Muxes : 
	   2 Input     16 Bit        Muxes := 7     
	 257 Input     16 Bit        Muxes := 1     
	   8 Input     16 Bit        Muxes := 1     
	   2 Input      8 Bit        Muxes := 1     
	   4 Input      4 Bit        Muxes := 2     
	   8 Input      3 Bit        Muxes := 1     
	   2 Input      3 Bit        Muxes := 1     
	   6 Input      3 Bit        Muxes := 1     
	   8 Input      1 Bit        Muxes := 9     
---------------------------------------------------------------------------------
Finished RTL Component Statistics 
---------------------------------------------------------------------------------
---------------------------------------------------------------------------------
Start RTL Hierarchical Component Statistics 
---------------------------------------------------------------------------------
Hierarchical RTL Component report 
Module main 
Detailed RTL Component Info : 
+---Muxes : 
	   2 Input     16 Bit        Muxes := 1     
	   2 Input      8 Bit        Muxes := 1     
Module mpg 
Detailed RTL Component Info : 
+---Registers : 
	                1 Bit    Registers := 3     
Module InstructionFetch 
Detailed RTL Component Info : 
+---Adders : 
	   2 Input     16 Bit       Adders := 1     
+---Registers : 
	               16 Bit    Registers := 1     
+---Muxes : 
	   2 Input     16 Bit        Muxes := 2     
	 257 Input     16 Bit        Muxes := 1     
Module main_control 
Detailed RTL Component Info : 
+---Muxes : 
	   8 Input      3 Bit        Muxes := 1     
	   8 Input      1 Bit        Muxes := 8     
Module reg_file 
Detailed RTL Component Info : 
+---RAMs : 
	              128 Bit         RAMs := 1     
Module InstructionDecode 
Detailed RTL Component Info : 
+---Muxes : 
	   2 Input     16 Bit        Muxes := 1     
	   2 Input      3 Bit        Muxes := 1     
Module executionUnit 
Detailed RTL Component Info : 
+---Adders : 
	   2 Input     16 Bit       Adders := 1     
	   3 Input     16 Bit       Adders := 1     
+---XORs : 
	   2 Input     16 Bit         XORs := 2     
+---Muxes : 
	   2 Input     16 Bit        Muxes := 3     
	   8 Input     16 Bit        Muxes := 1     
	   6 Input      3 Bit        Muxes := 1     
	   8 Input      1 Bit        Muxes := 1     
Module ssdEn 
Detailed RTL Component Info : 
+---Muxes : 
	   4 Input      4 Bit        Muxes := 2     
---------------------------------------------------------------------------------
Finished RTL Hierarchical Component Statistics
---------------------------------------------------------------------------------
---------------------------------------------------------------------------------
Start Part Resource Summary
---------------------------------------------------------------------------------
Part Resources:
DSPs: 240 (col length:80)
BRAMs: 270 (col length: RAMB18 80 RAMB36 40)
---------------------------------------------------------------------------------
Finished Part Resource Summary
---------------------------------------------------------------------------------
---------------------------------------------------------------------------------
Start Cross Boundary and Area Optimization
---------------------------------------------------------------------------------
WARNING: [Synth 8-3331] design main has unconnected port led[15]
WARNING: [Synth 8-3331] design main has unconnected port led[14]
WARNING: [Synth 8-3331] design main has unconnected port led[13]
WARNING: [Synth 8-3331] design main has unconnected port led[12]
WARNING: [Synth 8-3331] design main has unconnected port led[11]
WARNING: [Synth 8-3331] design main has unconnected port led[10]
WARNING: [Synth 8-3331] design main has unconnected port led[9]
WARNING: [Synth 8-3331] design main has unconnected port led[8]
WARNING: [Synth 8-3331] design main has unconnected port btn[4]
WARNING: [Synth 8-3331] design main has unconnected port sw[15]
WARNING: [Synth 8-3331] design main has unconnected port sw[14]
WARNING: [Synth 8-3331] design main has unconnected port sw[13]
WARNING: [Synth 8-3331] design main has unconnected port sw[12]
WARNING: [Synth 8-3331] design main has unconnected port sw[11]
WARNING: [Synth 8-3331] design main has unconnected port sw[10]
WARNING: [Synth 8-3331] design main has unconnected port sw[9]
WARNING: [Synth 8-3331] design main has unconnected port sw[8]
WARNING: [Synth 8-3331] design main has unconnected port sw[4]
WARNING: [Synth 8-3331] design main has unconnected port sw[3]
WARNING: [Synth 8-3331] design main has unconnected port sw[2]
WARNING: [Synth 8-3331] design main has unconnected port sw[1]
---------------------------------------------------------------------------------
Finished Cross Boundary and Area Optimization : Time (s): cpu = 00:00:14 ; elapsed = 00:00:17 . Memory (MB): peak = 624.805 ; gain = 414.711
---------------------------------------------------------------------------------
---------------------------------------------------------------------------------
Start ROM, RAM, DSP and Shift Register Reporting
---------------------------------------------------------------------------------

Distributed RAM: Preliminary Mapping  Report (see note below)
+------------+-------------------------------------------+-----------+----------------------+------------------+
|Module Name | RTL Object                                | Inference | Size (Depth x Width) | Primitives       | 
+------------+-------------------------------------------+-----------+----------------------+------------------+
|main        | instructionDecode1/reg_file1/reg_file_reg | Implied   | 8 x 16               | RAM32M x 6       | 
|main        | memory_comp/ram_reg                       | Implied   | 256 x 16             | RAM256X1S x 16   | 
+------------+-------------------------------------------+-----------+----------------------+------------------+

Note: The table above is a preliminary report that shows the Distributed RAMs at the current stage of the synthesis flow. Some Distributed RAMs may be reimplemented as non Distributed RAM primitives later in the synthesis flow. Multiple instantiated RAMs are reported only once.
---------------------------------------------------------------------------------
Finished ROM, RAM, DSP and Shift Register Reporting
---------------------------------------------------------------------------------

Report RTL Partitions: 
+-+--------------+------------+----------+
| |RTL Partition |Replication |Instances |
+-+--------------+------------+----------+
+-+--------------+------------+----------+
---------------------------------------------------------------------------------
Start Timing Optimization
---------------------------------------------------------------------------------
---------------------------------------------------------------------------------
Start Applying XDC Timing Constraints
---------------------------------------------------------------------------------
---------------------------------------------------------------------------------
Finished Applying XDC Timing Constraints : Time (s): cpu = 00:00:23 ; elapsed = 00:00:26 . Memory (MB): peak = 624.805 ; gain = 414.711
---------------------------------------------------------------------------------
---------------------------------------------------------------------------------
Finished Timing Optimization : Time (s): cpu = 00:00:26 ; elapsed = 00:00:29 . Memory (MB): peak = 657.926 ; gain = 447.832
---------------------------------------------------------------------------------

Report RTL Partitions: 
+-+--------------+------------+----------+
| |RTL Partition |Replication |Instances |
+-+--------------+------------+----------+
+-+--------------+------------+----------+
---------------------------------------------------------------------------------
Start Technology Mapping
---------------------------------------------------------------------------------
---------------------------------------------------------------------------------
Finished Technology Mapping : Time (s): cpu = 00:00:26 ; elapsed = 00:00:29 . Memory (MB): peak = 657.926 ; gain = 447.832
---------------------------------------------------------------------------------

Report RTL Partitions: 
+-+--------------+------------+----------+
| |RTL Partition |Replication |Instances |
+-+--------------+------------+----------+
+-+--------------+------------+----------+
---------------------------------------------------------------------------------
Start IO Insertion
---------------------------------------------------------------------------------
---------------------------------------------------------------------------------
Start Flattening Before IO Insertion
---------------------------------------------------------------------------------
---------------------------------------------------------------------------------
Finished Flattening Before IO Insertion
---------------------------------------------------------------------------------
---------------------------------------------------------------------------------
Start Final Netlist Cleanup
---------------------------------------------------------------------------------
---------------------------------------------------------------------------------
Finished Final Netlist Cleanup
---------------------------------------------------------------------------------
---------------------------------------------------------------------------------
Finished IO Insertion : Time (s): cpu = 00:00:27 ; elapsed = 00:00:30 . Memory (MB): peak = 657.926 ; gain = 447.832
---------------------------------------------------------------------------------

Report Check Netlist: 
+------+------------------+-------+---------+-------+------------------+
|      |Item              |Errors |Warnings |Status |Description       |
+------+------------------+-------+---------+-------+------------------+
|1     |multi_driven_nets |      0|        0|Passed |Multi driven nets |
+------+------------------+-------+---------+-------+------------------+
---------------------------------------------------------------------------------
Start Renaming Generated Instances
---------------------------------------------------------------------------------
---------------------------------------------------------------------------------
Finished Renaming Generated Instances : Time (s): cpu = 00:00:27 ; elapsed = 00:00:30 . Memory (MB): peak = 657.926 ; gain = 447.832
---------------------------------------------------------------------------------

Report RTL Partitions: 
+-+--------------+------------+----------+
| |RTL Partition |Replication |Instances |
+-+--------------+------------+----------+
+-+--------------+------------+----------+
---------------------------------------------------------------------------------
Start Rebuilding User Hierarchy
---------------------------------------------------------------------------------
---------------------------------------------------------------------------------
Finished Rebuilding User Hierarchy : Time (s): cpu = 00:00:27 ; elapsed = 00:00:30 . Memory (MB): peak = 657.926 ; gain = 447.832
---------------------------------------------------------------------------------
---------------------------------------------------------------------------------
Start Renaming Generated Ports
---------------------------------------------------------------------------------
---------------------------------------------------------------------------------
Finished Renaming Generated Ports : Time (s): cpu = 00:00:27 ; elapsed = 00:00:30 . Memory (MB): peak = 657.926 ; gain = 447.832
---------------------------------------------------------------------------------
---------------------------------------------------------------------------------
Start Handling Custom Attributes
---------------------------------------------------------------------------------
---------------------------------------------------------------------------------
Finished Handling Custom Attributes : Time (s): cpu = 00:00:27 ; elapsed = 00:00:30 . Memory (MB): peak = 657.926 ; gain = 447.832
---------------------------------------------------------------------------------
---------------------------------------------------------------------------------
Start Renaming Generated Nets
---------------------------------------------------------------------------------
---------------------------------------------------------------------------------
Finished Renaming Generated Nets : Time (s): cpu = 00:00:27 ; elapsed = 00:00:30 . Memory (MB): peak = 657.926 ; gain = 447.832
---------------------------------------------------------------------------------
---------------------------------------------------------------------------------
Start Writing Synthesis Report
---------------------------------------------------------------------------------

Report BlackBoxes: 
+-+--------------+----------+
| |BlackBox name |Instances |
+-+--------------+----------+
+-+--------------+----------+

Report Cell Usage: 
+------+----------+------+
|      |Cell      |Count |
+------+----------+------+
|1     |BUFG      |     1|
|2     |CARRY4    |    22|
|3     |LUT1      |    56|
|4     |LUT2      |    20|
|5     |LUT3      |    49|
|6     |LUT4      |    18|
|7     |LUT5      |    59|
|8     |LUT6      |    65|
|9     |MUXF7     |    20|
|10    |MUXF8     |     2|
|11    |RAM256X1S |    16|
|12    |RAM32M    |     6|
|13    |FDCE      |    24|
|14    |FDRE      |    44|
|15    |IBUF      |     9|
|16    |OBUF      |    19|
|17    |OBUFT     |     8|
+------+----------+------+

Report Instance Areas: 
+------+---------------------+------------------+------+
|      |Instance             |Module            |Cells |
+------+---------------------+------------------+------+
|1     |top                  |                  |   438|
|2     |  execution_unit     |executionUnit     |    10|
|3     |  instructionDecode1 |InstructionDecode |    72|
|4     |    reg_file1        |reg_file          |    72|
|5     |  instructionFetch1  |InstructionFetch  |   190|
|6     |  memory_comp        |dataPath          |    18|
|7     |  mpg1               |mpg               |    59|
|8     |  mpg2               |mpg_0             |     4|
|9     |  mpg3               |mpg_1             |     4|
|10    |  mpg4               |mpg_2             |     4|
|11    |  ssd_for_rom        |ssdEn             |    40|
+------+---------------------+------------------+------+
---------------------------------------------------------------------------------
Finished Writing Synthesis Report : Time (s): cpu = 00:00:27 ; elapsed = 00:00:30 . Memory (MB): peak = 657.926 ; gain = 447.832
---------------------------------------------------------------------------------
Synthesis finished with 0 errors, 0 critical warnings and 21 warnings.
Synthesis Optimization Runtime : Time (s): cpu = 00:00:17 ; elapsed = 00:00:22 . Memory (MB): peak = 657.926 ; gain = 138.828
Synthesis Optimization Complete : Time (s): cpu = 00:00:27 ; elapsed = 00:00:30 . Memory (MB): peak = 657.926 ; gain = 447.832
INFO: [Project 1-571] Translating synthesized netlist
INFO: [Netlist 29-17] Analyzing 53 Unisim elements for replacement
INFO: [Netlist 29-28] Unisim Transformation completed in 0 CPU seconds
INFO: [Project 1-570] Preparing netlist for logic optimization
INFO: [Opt 31-138] Pushed 0 inverter(s) to 0 load pin(s).
INFO: [Project 1-111] Unisim Transformation Summary:
  A total of 22 instances were transformed.
  RAM256X1S => RAM256X1S (MUXF7, MUXF7, MUXF8, RAMS64E, RAMS64E, RAMS64E, RAMS64E): 16 instances
  RAM32M => RAM32M (RAMD32, RAMD32, RAMD32, RAMD32, RAMD32, RAMD32, RAMS32, RAMS32): 6 instances

INFO: [Common 17-83] Releasing license: Synthesis
57 Infos, 103 Warnings, 4 Critical Warnings and 0 Errors encountered.
synth_design completed successfully
synth_design: Time (s): cpu = 00:00:27 ; elapsed = 00:00:29 . Memory (MB): peak = 657.926 ; gain = 447.832
INFO: [Common 17-1381] The checkpoint 'D:/FloreaTudor/mipsfinalPC/mipsfinalPC.runs/synth_1/main.dcp' has been generated.
report_utilization: Time (s): cpu = 00:00:00 ; elapsed = 00:00:00.016 . Memory (MB): peak = 657.926 ; gain = 0.000
INFO: [Common 17-206] Exiting Vivado at Tue May 13 09:38:49 2025...
