#-----------------------------------------------------------
# Vivado v2016.4 (64-bit)
# SW Build 1756540 on Mon Jan 23 19:11:23 MST 2017
# IP Build 1755317 on Mon Jan 23 20:30:07 MST 2017
# Start of session at: Tue May 13 08:24:37 2025
# Process ID: 10472
# Current directory: D:/FloreaTudor/mipsfinalPC
# Command line: vivado.exe -gui_launcher_event rodinguilauncherevent1392 D:\FloreaTudor\mipsfinalPC\mipsfinalPC.xpr
# Log file: D:/FloreaTudor/mipsfinalPC/vivado.log
# Journal file: D:/FloreaTudor/mipsfinalPC\vivado.jou
#-----------------------------------------------------------
start_gui
open_project D:/FloreaTudor/mipsfinalPC/mipsfinalPC.xpr
CRITICAL WARNING: [Project 1-19] Could not find the file 'D:/FloreaTudor/mipsfinalPC/mipsfinalPC.srcs/utils_1/imports/synth_1/main.dcp'.
CRITICAL WARNING: [Project 1-19] Could not find the file 'D:/FloreaTudor/mipsfinalPC/mipsfinalPC.srcs/sources_1/new/ssdEn.vhd'.
CRITICAL WARNING: [Project 1-19] Could not find the file 'D:/FloreaTudor/mipsfinalPC/mipsfinalPC.srcs/sources_1/new/reg_file.vhd'.
CRITICAL WARNING: [Project 1-19] Could not find the file 'D:/FloreaTudor/mipsfinalPC/mipsfinalPC.srcs/sources_1/new/mpg.vhd'.
CRITICAL WARNING: [Project 1-19] Could not find the file 'D:/FloreaTudor/mipsfinalPC/mipsfinalPC.srcs/sources_1/new/main_control.vhd'.
CRITICAL WARNING: [Project 1-19] Could not find the file 'D:/FloreaTudor/mipsfinalPC/mipsfinalPC.srcs/sources_1/new/main.vhd'.
CRITICAL WARNING: [Project 1-19] Could not find the file 'D:/FloreaTudor/mipsfinalPC/mipsfinalPC.srcs/sources_1/new/InstructionFetch.vhd'.
CRITICAL WARNING: [Project 1-19] Could not find the file 'D:/FloreaTudor/mipsfinalPC/mipsfinalPC.srcs/sources_1/new/InstructionDecode.vhd'.
CRITICAL WARNING: [Project 1-19] Could not find the file 'D:/FloreaTudor/mipsfinalPC/mipsfinalPC.srcs/sources_1/new/executionUnit.vhd'.
CRITICAL WARNING: [Project 1-19] Could not find the file 'D:/FloreaTudor/mipsfinalPC/mipsfinalPC.srcs/sources_1/new/dataPath.vhd'.
Scanning sources...
Finished scanning sources
INFO: [IP_Flow 19-234] Refreshing IP repositories
INFO: [IP_Flow 19-1704] No user IP repositories specified
INFO: [IP_Flow 19-2313] Loaded Vivado IP repository 'C:/Xilinx/Vivado/2016.4/data/ip'.
remove_files  D:/FloreaTudor/mipsfinalPC/mipsfinalPC.srcs/utils_1/imports/synth_1/main.dcp
remove_files  {D:/FloreaTudor/mipsfinalPC/mipsfinalPC.srcs/sources_1/new/InstructionDecode.vhd D:/FloreaTudor/mipsfinalPC/mipsfinalPC.srcs/sources_1/new/InstructionFetch.vhd D:/FloreaTudor/mipsfinalPC/mipsfinalPC.srcs/sources_1/new/dataPath.vhd D:/FloreaTudor/mipsfinalPC/mipsfinalPC.srcs/sources_1/new/executionUnit.vhd D:/FloreaTudor/mipsfinalPC/mipsfinalPC.srcs/sources_1/new/main.vhd D:/FloreaTudor/mipsfinalPC/mipsfinalPC.srcs/sources_1/new/main_control.vhd D:/FloreaTudor/mipsfinalPC/mipsfinalPC.srcs/sources_1/new/mpg.vhd D:/FloreaTudor/mipsfinalPC/mipsfinalPC.srcs/sources_1/new/reg_file.vhd D:/FloreaTudor/mipsfinalPC/mipsfinalPC.srcs/sources_1/new/ssdEn.vhd}
file delete -force D:/FloreaTudor/mipsfinalPC/mipsfinalPC.srcs/sources_1/new/InstructionDecode.vhd D:/FloreaTudor/mipsfinalPC/mipsfinalPC.srcs/sources_1/new/InstructionFetch.vhd D:/FloreaTudor/mipsfinalPC/mipsfinalPC.srcs/sources_1/new/dataPath.vhd D:/FloreaTudor/mipsfinalPC/mipsfinalPC.srcs/sources_1/new/executionUnit.vhd D:/FloreaTudor/mipsfinalPC/mipsfinalPC.srcs/sources_1/new/main.vhd D:/FloreaTudor/mipsfinalPC/mipsfinalPC.srcs/sources_1/new/main_control.vhd D:/FloreaTudor/mipsfinalPC/mipsfinalPC.srcs/sources_1/new/mpg.vhd D:/FloreaTudor/mipsfinalPC/mipsfinalPC.srcs/sources_1/new/reg_file.vhd D:/FloreaTudor/mipsfinalPC/mipsfinalPC.srcs/sources_1/new/ssdEn.vhd
file mkdir D:/FloreaTudor/mipsfinalPC/mipsfinalPC.srcs/sources_1/new
close [ open D:/FloreaTudor/mipsfinalPC/mipsfinalPC.srcs/sources_1/new/main.vhd w ]
add_files D:/FloreaTudor/mipsfinalPC/mipsfinalPC.srcs/sources_1/new/main.vhd
update_compile_order -fileset sources_1
update_compile_order -fileset sim_1
add_files -norecurse {D:/FloreaTudor/mipsfinalPC/mipsfinalPC.srcs/sources_1/new/ssdEn.vhd D:/FloreaTudor/mipsfinalPC/mipsfinalPC.srcs/sources_1/new/main_control.vhd D:/FloreaTudor/mipsfinalPC/mipsfinalPC.srcs/sources_1/new/dataPath.vhd D:/FloreaTudor/mipsfinalPC/mipsfinalPC.srcs/sources_1/new/InstructionFetch.vhd D:/FloreaTudor/mipsfinalPC/mipsfinalPC.srcs/sources_1/new/InstructionDecode.vhd D:/FloreaTudor/mipsfinalPC/mipsfinalPC.srcs/sources_1/new/mpg.vhd D:/FloreaTudor/mipsfinalPC/mipsfinalPC.srcs/sources_1/new/reg_file.vhd D:/FloreaTudor/mipsfinalPC/mipsfinalPC.srcs/sources_1/new/executionUnit.vhd}
add_files -fileset constrs_1 -norecurse D:/FloreaTudor/mipsfinalPC/utcn-ca-nexys-a7-100t.xdc
set_property top main [current_fileset]
launch_runs impl_1 -to_step write_bitstream -jobs 2
[Tue May 13 08:32:30 2025] Launched synth_1...
Run output will be captured here: D:/FloreaTudor/mipsfinalPC/mipsfinalPC.runs/synth_1/runme.log
[Tue May 13 08:32:30 2025] Launched impl_1...
Run output will be captured here: D:/FloreaTudor/mipsfinalPC/mipsfinalPC.runs/impl_1/runme.log
update_compile_order -fileset sim_1
open_hw
connect_hw_server
INFO: [Labtools 27-2285] Connecting to hw_server url TCP:localhost:3121
INFO: [Labtools 27-2222] Launching hw_server...
INFO: [Labtools 27-2221] Launch Output:

****** Xilinx hw_server v2016.4
  **** Build date : Jan 23 2017-19:37:29
    ** Copyright 1986-2016 Xilinx, Inc. All Rights Reserved.


open_hw_target
INFO: [Labtoolstcl 44-466] Opening hw_target localhost:3121/xilinx_tcf/Digilent/210292B8421DA
current_hw_device [lindex [get_hw_devices xc7a100t_0] 0]
refresh_hw_device -update_hw_probes false [lindex [get_hw_devices xc7a100t_0] 0]
INFO: [Labtools 27-1435] Device xc7a100t (JTAG device index = 0) is not programmed (DONE status = 0).
set_property PROBES.FILE {} [lindex [get_hw_devices xc7a100t_0] 0]
set_property PROGRAM.FILE {D:/FloreaTudor/mipsfinalPC/mipsfinalPC.runs/impl_1/main.bit} [lindex [get_hw_devices xc7a100t_0] 0]
program_hw_devices [lindex [get_hw_devices xc7a100t_0] 0]
INFO: [Labtools 27-3164] End of startup status: HIGH
refresh_hw_device [lindex [get_hw_devices xc7a100t_0] 0]
INFO: [Labtools 27-1434] Device xc7a100t (JTAG device index = 0) is programmed with a design that has no supported debug core(s) in it.
WARNING: [Labtools 27-3123] The debug hub core was not detected at User Scan Chain 1 or 3.
Resolution: 
1. Make sure the clock connected to the debug hub (dbg_hub) core is a free running clock and is active OR
2. Manually launch hw_server with -e "set xsdb-user-bscan <C_USER_SCAN_CHAIN scan_chain_number>" to detect the debug hub at User Scan Chain of 2 or 4. To determine the user scan chain setting, open the implemented design and use: get_property C_USER_SCAN_CHAIN [get_debug_cores dbg_hub].
WARNING: [Labtoolstcl 44-130] No matching hw_ilas were found.
WARNING: [Labtoolstcl 44-130] No matching hw_ilas were found.
WARNING: [Labtoolstcl 44-130] No matching hw_ilas were found.
WARNING: [Labtoolstcl 44-130] No matching hw_ilas were found.
ERROR: [Labtools 27-2269] No devices detected on target localhost:3121/xilinx_tcf/Digilent/210292B8421DA.
Check cable connectivity and that the target board is powered up then
use the disconnect_hw_server and connect_hw_server to re-register this hardware target.
reset_run synth_1
launch_runs impl_1 -to_step write_bitstream -jobs 2
[Tue May 13 09:11:01 2025] Launched synth_1...
Run output will be captured here: D:/FloreaTudor/mipsfinalPC/mipsfinalPC.runs/synth_1/runme.log
[Tue May 13 09:11:01 2025] Launched impl_1...
Run output will be captured here: D:/FloreaTudor/mipsfinalPC/mipsfinalPC.runs/impl_1/runme.log
reset_run synth_1
launch_runs impl_1 -to_step write_bitstream -jobs 2
[Tue May 13 09:12:45 2025] Launched synth_1...
Run output will be captured here: D:/FloreaTudor/mipsfinalPC/mipsfinalPC.runs/synth_1/runme.log
[Tue May 13 09:12:45 2025] Launched impl_1...
Run output will be captured here: D:/FloreaTudor/mipsfinalPC/mipsfinalPC.runs/impl_1/runme.log
ERROR: [Labtoolstcl 44-513] HW Target shutdown. Closing target: localhost:3121/xilinx_tcf/Digilent/210292B8421DA
INFO: [Labtoolstcl 44-466] Opening hw_target localhost:3121/xilinx_tcf/Digilent/210292B8421DA
INFO: [Labtools 27-1435] Device xc7a100t (JTAG device index = 0) is not programmed (DONE status = 0).
set_property PROBES.FILE {} [lindex [get_hw_devices xc7a100t_0] 0]
set_property PROGRAM.FILE {D:/FloreaTudor/mipsfinalPC/mipsfinalPC.runs/impl_1/main.bit} [lindex [get_hw_devices xc7a100t_0] 0]
program_hw_devices [lindex [get_hw_devices xc7a100t_0] 0]
INFO: [Labtools 27-3164] End of startup status: HIGH
refresh_hw_device [lindex [get_hw_devices xc7a100t_0] 0]
INFO: [Labtools 27-1434] Device xc7a100t (JTAG device index = 0) is programmed with a design that has no supported debug core(s) in it.
WARNING: [Labtools 27-3123] The debug hub core was not detected at User Scan Chain 1 or 3.
Resolution: 
1. Make sure the clock connected to the debug hub (dbg_hub) core is a free running clock and is active OR
2. Manually launch hw_server with -e "set xsdb-user-bscan <C_USER_SCAN_CHAIN scan_chain_number>" to detect the debug hub at User Scan Chain of 2 or 4. To determine the user scan chain setting, open the implemented design and use: get_property C_USER_SCAN_CHAIN [get_debug_cores dbg_hub].
WARNING: [Labtoolstcl 44-130] No matching hw_ilas were found.
WARNING: [Labtoolstcl 44-130] No matching hw_ilas were found.
WARNING: [Labtoolstcl 44-130] No matching hw_ilas were found.
WARNING: [Labtoolstcl 44-130] No matching hw_ilas were found.
reset_run synth_1
launch_runs impl_1 -to_step write_bitstream -jobs 2
[Tue May 13 09:27:45 2025] Launched synth_1...
Run output will be captured here: D:/FloreaTudor/mipsfinalPC/mipsfinalPC.runs/synth_1/runme.log
[Tue May 13 09:27:45 2025] Launched impl_1...
Run output will be captured here: D:/FloreaTudor/mipsfinalPC/mipsfinalPC.runs/impl_1/runme.log
reset_run synth_1
launch_runs impl_1 -to_step write_bitstream -jobs 2
[Tue May 13 09:38:16 2025] Launched synth_1...
Run output will be captured here: D:/FloreaTudor/mipsfinalPC/mipsfinalPC.runs/synth_1/runme.log
[Tue May 13 09:38:16 2025] Launched impl_1...
Run output will be captured here: D:/FloreaTudor/mipsfinalPC/mipsfinalPC.runs/impl_1/runme.log
set_property PROBES.FILE {} [lindex [get_hw_devices xc7a100t_0] 0]
set_property PROGRAM.FILE {D:/FloreaTudor/mipsfinalPC/mipsfinalPC.runs/impl_1/main.bit} [lindex [get_hw_devices xc7a100t_0] 0]
program_hw_devices [lindex [get_hw_devices xc7a100t_0] 0]
INFO: [Labtools 27-3164] End of startup status: HIGH
refresh_hw_device [lindex [get_hw_devices xc7a100t_0] 0]
INFO: [Labtools 27-1434] Device xc7a100t (JTAG device index = 0) is programmed with a design that has no supported debug core(s) in it.
WARNING: [Labtools 27-3123] The debug hub core was not detected at User Scan Chain 1 or 3.
Resolution: 
1. Make sure the clock connected to the debug hub (dbg_hub) core is a free running clock and is active OR
2. Manually launch hw_server with -e "set xsdb-user-bscan <C_USER_SCAN_CHAIN scan_chain_number>" to detect the debug hub at User Scan Chain of 2 or 4. To determine the user scan chain setting, open the implemented design and use: get_property C_USER_SCAN_CHAIN [get_debug_cores dbg_hub].
WARNING: [Labtoolstcl 44-130] No matching hw_ilas were found.
WARNING: [Labtoolstcl 44-130] No matching hw_ilas were found.
WARNING: [Labtoolstcl 44-130] No matching hw_ilas were found.
WARNING: [Labtoolstcl 44-130] No matching hw_ilas were found.
set_property PROBES.FILE {} [lindex [get_hw_devices xc7a100t_0] 0]
set_property PROGRAM.FILE {D:/FloreaTudor/mipsfinalPC/mipsfinalPC.runs/impl_1/main.bit} [lindex [get_hw_devices xc7a100t_0] 0]
program_hw_devices [lindex [get_hw_devices xc7a100t_0] 0]
INFO: [Labtools 27-3164] End of startup status: HIGH
refresh_hw_device [lindex [get_hw_devices xc7a100t_0] 0]
INFO: [Labtools 27-1434] Device xc7a100t (JTAG device index = 0) is programmed with a design that has no supported debug core(s) in it.
WARNING: [Labtools 27-3123] The debug hub core was not detected at User Scan Chain 1 or 3.
Resolution: 
1. Make sure the clock connected to the debug hub (dbg_hub) core is a free running clock and is active OR
2. Manually launch hw_server with -e "set xsdb-user-bscan <C_USER_SCAN_CHAIN scan_chain_number>" to detect the debug hub at User Scan Chain of 2 or 4. To determine the user scan chain setting, open the implemented design and use: get_property C_USER_SCAN_CHAIN [get_debug_cores dbg_hub].
WARNING: [Labtoolstcl 44-130] No matching hw_ilas were found.
WARNING: [Labtoolstcl 44-130] No matching hw_ilas were found.
WARNING: [Labtoolstcl 44-130] No matching hw_ilas were found.
WARNING: [Labtoolstcl 44-130] No matching hw_ilas were found.
set_property PROBES.FILE {} [lindex [get_hw_devices xc7a100t_0] 0]
set_property PROGRAM.FILE {D:/FloreaTudor/mipsfinalPC/mipsfinalPC.runs/impl_1/main.bit} [lindex [get_hw_devices xc7a100t_0] 0]
program_hw_devices [lindex [get_hw_devices xc7a100t_0] 0]
INFO: [Labtools 27-3164] End of startup status: HIGH
refresh_hw_device [lindex [get_hw_devices xc7a100t_0] 0]
INFO: [Labtools 27-1434] Device xc7a100t (JTAG device index = 0) is programmed with a design that has no supported debug core(s) in it.
WARNING: [Labtools 27-3123] The debug hub core was not detected at User Scan Chain 1 or 3.
Resolution: 
1. Make sure the clock connected to the debug hub (dbg_hub) core is a free running clock and is active OR
2. Manually launch hw_server with -e "set xsdb-user-bscan <C_USER_SCAN_CHAIN scan_chain_number>" to detect the debug hub at User Scan Chain of 2 or 4. To determine the user scan chain setting, open the implemented design and use: get_property C_USER_SCAN_CHAIN [get_debug_cores dbg_hub].
WARNING: [Labtoolstcl 44-130] No matching hw_ilas were found.
WARNING: [Labtoolstcl 44-130] No matching hw_ilas were found.
WARNING: [Labtoolstcl 44-130] No matching hw_ilas were found.
WARNING: [Labtoolstcl 44-130] No matching hw_ilas were found.
set_property PROBES.FILE {} [lindex [get_hw_devices xc7a100t_0] 0]
set_property PROGRAM.FILE {D:/FloreaTudor/mipsfinalPC/mipsfinalPC.runs/impl_1/main.bit} [lindex [get_hw_devices xc7a100t_0] 0]
program_hw_devices [lindex [get_hw_devices xc7a100t_0] 0]
INFO: [Labtools 27-3164] End of startup status: HIGH
refresh_hw_device [lindex [get_hw_devices xc7a100t_0] 0]
INFO: [Labtools 27-1434] Device xc7a100t (JTAG device index = 0) is programmed with a design that has no supported debug core(s) in it.
WARNING: [Labtools 27-3123] The debug hub core was not detected at User Scan Chain 1 or 3.
Resolution: 
1. Make sure the clock connected to the debug hub (dbg_hub) core is a free running clock and is active OR
2. Manually launch hw_server with -e "set xsdb-user-bscan <C_USER_SCAN_CHAIN scan_chain_number>" to detect the debug hub at User Scan Chain of 2 or 4. To determine the user scan chain setting, open the implemented design and use: get_property C_USER_SCAN_CHAIN [get_debug_cores dbg_hub].
WARNING: [Labtoolstcl 44-130] No matching hw_ilas were found.
WARNING: [Labtoolstcl 44-130] No matching hw_ilas were found.
WARNING: [Labtoolstcl 44-130] No matching hw_ilas were found.
WARNING: [Labtoolstcl 44-130] No matching hw_ilas were found.
exit
INFO: [Common 17-206] Exiting Vivado at Tue May 13 09:52:18 2025...
