Copyright 1986-2016 Xilinx, Inc. All Rights Reserved.
----------------------------------------------------------------------------------------------------------------------------------
| Tool Version     : Vivado v.2016.4 (win64) Build 1756540 Mon Jan 23 19:11:23 MST 2017
| Date             : Tue May 13 09:40:00 2025
| Host             : O211-10 running 64-bit major release  (build 9200)
| Command          : report_power -file main_power_routed.rpt -pb main_power_summary_routed.pb -rpx main_power_routed.rpx
| Design           : main
| Device           : xa7a100tcsg324-1I
| Design State     : routed
| Grade            : industrial
| Process          : typical
| Characterization : Production
----------------------------------------------------------------------------------------------------------------------------------

Power Report

Table of Contents
-----------------
1. Summary
1.1 On-Chip Components
1.2 Power Supply Summary
1.3 Confidence Level
2. Settings
2.1 Environment
2.2 Clock Constraints
3. Detailed Reports
3.1 By Hierarchy

1. Summary
----------

+--------------------------+-------+
| Total On-Chip Power (W)  | 0.126 |
| Dynamic (W)              | 0.029 |
| Device Static (W)        | 0.097 |
| Effective TJA (C/W)      | 4.6   |
| Max Ambient (C)          | 99.4  |
| Junction Temperature (C) | 25.6  |
| Confidence Level         | Low   |
| Setting File             | ---   |
| Simulation Activity File | ---   |
| Design Nets Matched      | NA    |
+--------------------------+-------+


1.1 On-Chip Components
----------------------

+--------------------------+-----------+----------+-----------+-----------------+
| On-Chip                  | Power (W) | Used     | Available | Utilization (%) |
+--------------------------+-----------+----------+-----------+-----------------+
| Clocks                   |     0.001 |        3 |       --- |             --- |
| Slice Logic              |     0.002 |      501 |       --- |             --- |
|   LUT as Logic           |     0.001 |      200 |     63400 |            0.32 |
|   LUT as Distributed RAM |    <0.001 |       88 |     19000 |            0.46 |
|   F7/F8 Muxes            |    <0.001 |       70 |     63400 |            0.11 |
|   CARRY4                 |    <0.001 |       22 |     15850 |            0.14 |
|   Register               |    <0.001 |       68 |    126800 |            0.05 |
|   Others                 |     0.000 |       16 |       --- |             --- |
| Signals                  |     0.004 |      339 |       --- |             --- |
| I/O                      |     0.021 |       36 |       210 |           17.14 |
| Static Power             |     0.097 |          |           |                 |
| Total                    |     0.126 |          |           |                 |
+--------------------------+-----------+----------+-----------+-----------------+


1.2 Power Supply Summary
------------------------

+-----------+-------------+-----------+-------------+------------+
| Source    | Voltage (V) | Total (A) | Dynamic (A) | Static (A) |
+-----------+-------------+-----------+-------------+------------+
| Vccint    |       1.000 |     0.023 |       0.008 |      0.015 |
| Vccaux    |       1.800 |     0.019 |       0.001 |      0.018 |
| Vcco33    |       3.300 |     0.010 |       0.006 |      0.004 |
| Vcco25    |       2.500 |     0.000 |       0.000 |      0.000 |
| Vcco18    |       1.800 |     0.000 |       0.000 |      0.000 |
| Vcco15    |       1.500 |     0.000 |       0.000 |      0.000 |
| Vcco135   |       1.350 |     0.000 |       0.000 |      0.000 |
| Vcco12    |       1.200 |     0.000 |       0.000 |      0.000 |
| Vccaux_io |       1.800 |     0.000 |       0.000 |      0.000 |
| Vccbram   |       1.000 |     0.000 |       0.000 |      0.000 |
| MGTAVcc   |       1.000 |     0.000 |       0.000 |      0.000 |
| MGTAVtt   |       1.200 |     0.000 |       0.000 |      0.000 |
| Vccadc    |       1.800 |     0.020 |       0.000 |      0.020 |
+-----------+-------------+-----------+-------------+------------+


1.3 Confidence Level
--------------------

+-----------------------------+------------+--------------------------------------------------------+------------------------------------------------------------------------------------------------------------+
| User Input Data             | Confidence | Details                                                | Action                                                                                                     |
+-----------------------------+------------+--------------------------------------------------------+------------------------------------------------------------------------------------------------------------+
| Design implementation state | High       | Design is routed                                       |                                                                                                            |
| Clock nodes activity        | High       | User specified more than 95% of clocks                 |                                                                                                            |
| I/O nodes activity          | Low        | More than 75% of inputs are missing user specification | Provide missing input activity with simulation results or by editing the "By Resource Type -> I/Os" view   |
| Internal nodes activity     | Medium     | User specified less than 25% of internal nodes         | Provide missing internal nodes activity with simulation results or by editing the "By Resource Type" views |
| Device models               | High       | Device models are Production                           |                                                                                                            |
|                             |            |                                                        |                                                                                                            |
| Overall confidence level    | Low        |                                                        |                                                                                                            |
+-----------------------------+------------+--------------------------------------------------------+------------------------------------------------------------------------------------------------------------+


2. Settings
-----------

2.1 Environment
---------------

+-----------------------+--------------------------+
| Ambient Temp (C)      | 25.0                     |
| ThetaJA (C/W)         | 4.6                      |
| Airflow (LFM)         | 250                      |
| Heat Sink             | medium (Medium Profile)  |
| ThetaSA (C/W)         | 4.6                      |
| Board Selection       | medium (10"x10")         |
| # of Board Layers     | 12to15 (12 to 15 Layers) |
| Board Temperature (C) | 25.0                     |
+-----------------------+--------------------------+


2.2 Clock Constraints
---------------------

+-------------+--------+-----------------+
| Clock       | Domain | Constraint (ns) |
+-------------+--------+-----------------+
| sys_clk_pin | clk    |            10.0 |
+-------------+--------+-----------------+


3. Detailed Reports
-------------------

3.1 By Hierarchy
----------------

+---------------------------------+-----------+
| Name                            | Power (W) |
+---------------------------------+-----------+
| main                            |     0.029 |
|   execution_unit                |    <0.001 |
|   instructionDecode1            |     0.002 |
|     reg_file1                   |     0.002 |
|       reg_file_reg_r1_0_7_0_5   |    <0.001 |
|       reg_file_reg_r1_0_7_12_15 |    <0.001 |
|       reg_file_reg_r1_0_7_6_11  |    <0.001 |
|       reg_file_reg_r2_0_7_0_5   |    <0.001 |
|       reg_file_reg_r2_0_7_12_15 |    <0.001 |
|       reg_file_reg_r2_0_7_6_11  |    <0.001 |
|   instructionFetch1             |     0.003 |
|   memory_comp                   |     0.001 |
|     ram_reg_0_255_0_0           |    <0.001 |
|     ram_reg_0_255_10_10         |    <0.001 |
|     ram_reg_0_255_11_11         |    <0.001 |
|     ram_reg_0_255_12_12         |    <0.001 |
|     ram_reg_0_255_13_13         |    <0.001 |
|     ram_reg_0_255_14_14         |    <0.001 |
|     ram_reg_0_255_15_15         |    <0.001 |
|     ram_reg_0_255_1_1           |    <0.001 |
|     ram_reg_0_255_2_2           |    <0.001 |
|     ram_reg_0_255_3_3           |    <0.001 |
|     ram_reg_0_255_4_4           |    <0.001 |
|     ram_reg_0_255_5_5           |    <0.001 |
|     ram_reg_0_255_6_6           |    <0.001 |
|     ram_reg_0_255_7_7           |    <0.001 |
|     ram_reg_0_255_8_8           |    <0.001 |
|     ram_reg_0_255_9_9           |    <0.001 |
|   mpg1                          |    <0.001 |
|   mpg2                          |    <0.001 |
|   mpg3                          |    <0.001 |
|   mpg4                          |    <0.001 |
|   ssd_for_rom                   |    <0.001 |
+---------------------------------+-----------+


