Copyright 1986-2022 Xilinx, Inc. All Rights Reserved. Copyright 2022-2024 Advanced Micro Devices, Inc. All Rights Reserved.
-------------------------------------------------------------------------------------------------------------------------------------------------
| Tool Version     : Vivado v.2024.2 (win64) Build 5239630 Fri Nov 08 22:35:27 MST 2024
| Date             : Wed Jun  4 22:27:29 2025
| Host             : Tudor running 64-bit major release  (build 9200)
| Command          : report_power -file main_power_routed.rpt -pb main_power_summary_routed.pb -rpx main_power_routed.rpx
| Design           : main
| Device           : xa7a35tcpg236-1I
| Design State     : routed
| Grade            : industrial
| Process          : typical
| Characterization : Production
-------------------------------------------------------------------------------------------------------------------------------------------------

Power Report

Table of Contents
-----------------
1. Summary
1.1 On-Chip Components
1.2 Power Supply Summary
1.3 Confidence Level
2. Settings
2.1 Environment
2.2 Clock Constraints
3. Detailed Reports
3.1 By Hierarchy

1. Summary
----------

+--------------------------+--------------+
| Total On-Chip Power (W)  | 27.088       |
| Design Power Budget (W)  | Unspecified* |
| Power Budget Margin (W)  | NA           |
| Dynamic (W)              | 26.602       |
| Device Static (W)        | 0.486        |
| Effective TJA (C/W)      | 5.0          |
| Max Ambient (C)          | 0.0          |
| Junction Temperature (C) | 125.0        |
| Confidence Level         | Low          |
| Setting File             | ---          |
| Simulation Activity File | ---          |
| Design Nets Matched      | NA           |
+--------------------------+--------------+
* Specify Design Power Budget using, set_operating_conditions -design_power_budget <value in Watts>


1.1 On-Chip Components
----------------------

+--------------------------+-----------+----------+-----------+-----------------+
| On-Chip                  | Power (W) | Used     | Available | Utilization (%) |
+--------------------------+-----------+----------+-----------+-----------------+
| Slice Logic              |     2.806 |      710 |       --- |             --- |
|   LUT as Logic           |     1.703 |      226 |     20800 |            1.09 |
|   LUT as Distributed RAM |     0.725 |       88 |      9600 |            0.92 |
|   Register               |     0.141 |      216 |     41600 |            0.52 |
|   F7/F8 Muxes            |     0.123 |       78 |     32600 |            0.24 |
|   CARRY4                 |     0.107 |       26 |      8150 |            0.32 |
|   BUFG                   |     0.006 |        1 |        32 |            3.13 |
|   LUT as Shift Register  |    <0.001 |        2 |      9600 |            0.02 |
|   Others                 |     0.000 |       24 |       --- |             --- |
| Signals                  |     3.645 |      434 |       --- |             --- |
| I/O                      |    20.151 |       35 |       106 |           33.02 |
| Static Power             |     0.486 |          |           |                 |
| Total                    |    27.088 |          |           |                 |
+--------------------------+-----------+----------+-----------+-----------------+


1.2 Power Supply Summary
------------------------

+-----------+-------------+-----------+-------------+------------+-------------+-------------+------------+
| Source    | Voltage (V) | Total (A) | Dynamic (A) | Static (A) | Powerup (A) | Budget (A)  | Margin (A) |
+-----------+-------------+-----------+-------------+------------+-------------+-------------+------------+
| Vccint    |       1.000 |     6.823 |       6.483 |      0.341 |       NA    | Unspecified | NA         |
| Vccaux    |       1.800 |     0.791 |       0.737 |      0.053 |       NA    | Unspecified | NA         |
| Vcco33    |       3.300 |     5.695 |       5.694 |      0.001 |       NA    | Unspecified | NA         |
| Vcco25    |       2.500 |     0.000 |       0.000 |      0.000 |       NA    | Unspecified | NA         |
| Vcco18    |       1.800 |     0.000 |       0.000 |      0.000 |       NA    | Unspecified | NA         |
| Vcco15    |       1.500 |     0.000 |       0.000 |      0.000 |       NA    | Unspecified | NA         |
| Vcco135   |       1.350 |     0.000 |       0.000 |      0.000 |       NA    | Unspecified | NA         |
| Vcco12    |       1.200 |     0.000 |       0.000 |      0.000 |       NA    | Unspecified | NA         |
| Vccaux_io |       1.800 |     0.000 |       0.000 |      0.000 |       NA    | Unspecified | NA         |
| Vccbram   |       1.000 |     0.010 |       0.000 |      0.010 |       NA    | Unspecified | NA         |
| MGTAVcc   |       1.000 |     0.000 |       0.000 |      0.000 |       NA    | Unspecified | NA         |
| MGTAVtt   |       1.200 |     0.000 |       0.000 |      0.000 |       NA    | Unspecified | NA         |
| Vccadc    |       1.800 |     0.020 |       0.000 |      0.020 |       NA    | Unspecified | NA         |
+-----------+-------------+-----------+-------------+------------+-------------+-------------+------------+


1.3 Confidence Level
--------------------

+-----------------------------+------------+--------------------------------------------------------+--------------------------------------------------------------------------------------------------------------------+
| User Input Data             | Confidence | Details                                                | Action                                                                                                             |
+-----------------------------+------------+--------------------------------------------------------+--------------------------------------------------------------------------------------------------------------------+
| Design implementation state | High       | Design is routed                                       |                                                                                                                    |
| Clock nodes activity        | Low        | User specified less than 75% of clocks                 | Provide missing clock activity with a constraint file, simulation results or by editing the "By Clock Domain" view |
| I/O nodes activity          | Low        | More than 75% of inputs are missing user specification | Provide missing input activity with simulation results or by editing the "By Resource Type -> I/Os" view           |
| Internal nodes activity     | Medium     | User specified less than 25% of internal nodes         | Provide missing internal nodes activity with simulation results or by editing the "By Resource Type" views         |
| Device models               | High       | Device models are Production                           |                                                                                                                    |
|                             |            |                                                        |                                                                                                                    |
| Overall confidence level    | Low        |                                                        |                                                                                                                    |
+-----------------------------+------------+--------------------------------------------------------+--------------------------------------------------------------------------------------------------------------------+


2. Settings
-----------

2.1 Environment
---------------

+-----------------------+--------------------------+
| Ambient Temp (C)      | 25.0                     |
| ThetaJA (C/W)         | 5.0                      |
| Airflow (LFM)         | 250                      |
| Heat Sink             | medium (Medium Profile)  |
| ThetaSA (C/W)         | 4.6                      |
| Board Selection       | medium (10"x10")         |
| # of Board Layers     | 12to15 (12 to 15 Layers) |
| Board Temperature (C) | 25.0                     |
+-----------------------+--------------------------+


2.2 Clock Constraints
---------------------

+-------+--------+-----------------+
| Clock | Domain | Constraint (ns) |
+-------+--------+-----------------+


3. Detailed Reports
-------------------

3.1 By Hierarchy
----------------

+---------------------------------+-----------+
| Name                            | Power (W) |
+---------------------------------+-----------+
| main                            |    26.602 |
|   ex_mem_reg                    |     1.247 |
|   execution_unit                |     0.289 |
|   id_ex_reg                     |     2.744 |
|   if_id_reg                     |     0.148 |
|   instructionDecode1            |     0.280 |
|     reg_file1                   |     0.280 |
|       reg_file_reg_r1_0_7_0_5   |     0.052 |
|       reg_file_reg_r1_0_7_12_15 |     0.035 |
|       reg_file_reg_r1_0_7_6_11  |     0.053 |
|       reg_file_reg_r2_0_7_0_5   |     0.052 |
|       reg_file_reg_r2_0_7_12_15 |     0.035 |
|       reg_file_reg_r2_0_7_6_11  |     0.053 |
|   instructionFetch1             |     0.172 |
|   mem_wb_reg                    |     0.736 |
|   memory_comp                   |     0.529 |
|     ram_reg_0_255_0_0           |     0.034 |
|     ram_reg_0_255_10_10         |     0.034 |
|     ram_reg_0_255_11_11         |     0.034 |
|     ram_reg_0_255_12_12         |     0.034 |
|     ram_reg_0_255_13_13         |     0.034 |
|     ram_reg_0_255_14_14         |     0.034 |
|     ram_reg_0_255_15_15         |     0.034 |
|     ram_reg_0_255_1_1           |     0.031 |
|     ram_reg_0_255_2_2           |     0.031 |
|     ram_reg_0_255_3_3           |     0.031 |
|     ram_reg_0_255_4_4           |     0.031 |
|     ram_reg_0_255_5_5           |     0.031 |
|     ram_reg_0_255_6_6           |     0.031 |
|     ram_reg_0_255_7_7           |     0.034 |
|     ram_reg_0_255_8_8           |     0.034 |
|     ram_reg_0_255_9_9           |     0.034 |
|   mpg1                          |     0.108 |
|   ssd_for_rom                   |     0.101 |
+---------------------------------+-----------+


